CRITICAL - 2022-01-19 00:21:42 --> Undefined index: lh
#0 C:\xampp\htdocs\acflr_ta\app\Models\FTS.php(74): CodeIgniter\Debug\Exceptions->errorHandler(8, 'Undefined index...', 'C:\\xampp\\htdocs...', 74, Array)
#1 C:\xampp\htdocs\acflr_ta\app\Models\NR_Model.php(40): App\Models\FTS->flrg(Array, Array)
#2 C:\xampp\htdocs\acflr_ta\app\Controllers\NRController.php(32): App\Models\NR_Model->fts_forecasting()
#3 C:\xampp\htdocs\acflr_ta\vendor\codeigniter4\framework\system\CodeIgniter.php(825): App\Controllers\NRController->forecast()
#4 C:\xampp\htdocs\acflr_ta\vendor\codeigniter4\framework\system\CodeIgniter.php(412): CodeIgniter\CodeIgniter->runController(Object(App\Controllers\NRController))
#5 C:\xampp\htdocs\acflr_ta\vendor\codeigniter4\framework\system\CodeIgniter.php(320): CodeIgniter\CodeIgniter->handleRequest(NULL, Object(Config\Cache), false)
#6 C:\xampp\htdocs\acflr_ta\public\index.php(37): CodeIgniter\CodeIgniter->run()
#7 C:\xampp\htdocs\acflr_ta\vendor\codeigniter4\framework\system\Commands\Server\rewrite.php(43): require_once('C:\\xampp\\htdocs...')
#8 {main}
CRITICAL - 2022-01-19 00:22:20 --> array_unique() expects parameter 1 to be array, int given
#0 [internal function]: CodeIgniter\Debug\Exceptions->errorHandler(2, 'array_unique() ...', 'C:\\xampp\\htdocs...', 75, Array)
#1 C:\xampp\htdocs\acflr_ta\app\Models\FTS.php(75): array_unique(0)
#2 C:\xampp\htdocs\acflr_ta\app\Models\NR_Model.php(40): App\Models\FTS->flrg(Array, Array)
#3 C:\xampp\htdocs\acflr_ta\app\Controllers\NRController.php(32): App\Models\NR_Model->fts_forecasting()
#4 C:\xampp\htdocs\acflr_ta\vendor\codeigniter4\framework\system\CodeIgniter.php(825): App\Controllers\NRController->forecast()
#5 C:\xampp\htdocs\acflr_ta\vendor\codeigniter4\framework\system\CodeIgniter.php(412): CodeIgniter\CodeIgniter->runController(Object(App\Controllers\NRController))
#6 C:\xampp\htdocs\acflr_ta\vendor\codeigniter4\framework\system\CodeIgniter.php(320): CodeIgniter\CodeIgniter->handleRequest(NULL, Object(Config\Cache), false)
#7 C:\xampp\htdocs\acflr_ta\public\index.php(37): CodeIgniter\CodeIgniter->run()
#8 C:\xampp\htdocs\acflr_ta\vendor\codeigniter4\framework\system\Commands\Server\rewrite.php(43): require_once('C:\\xampp\\htdocs...')
#9 {main}
CRITICAL - 2022-01-19 00:35:10 --> Undefined index: lh
#0 C:\xampp\htdocs\acflr_ta\app\Models\FTS.php(73): CodeIgniter\Debug\Exceptions->errorHandler(8, 'Undefined index...', 'C:\\xampp\\htdocs...', 73, Array)
#1 C:\xampp\htdocs\acflr_ta\app\Models\NR_Model.php(40): App\Models\FTS->flrg(Array, Array)
#2 C:\xampp\htdocs\acflr_ta\app\Controllers\NRController.php(32): App\Models\NR_Model->fts_forecasting()
#3 C:\xampp\htdocs\acflr_ta\vendor\codeigniter4\framework\system\CodeIgniter.php(825): App\Controllers\NRController->forecast()
#4 C:\xampp\htdocs\acflr_ta\vendor\codeigniter4\framework\system\CodeIgniter.php(412): CodeIgniter\CodeIgniter->runController(Object(App\Controllers\NRController))
#5 C:\xampp\htdocs\acflr_ta\vendor\codeigniter4\framework\system\CodeIgniter.php(320): CodeIgniter\CodeIgniter->handleRequest(NULL, Object(Config\Cache), false)
#6 C:\xampp\htdocs\acflr_ta\public\index.php(37): CodeIgniter\CodeIgniter->run()
#7 C:\xampp\htdocs\acflr_ta\vendor\codeigniter4\framework\system\Commands\Server\rewrite.php(43): require_once('C:\\xampp\\htdocs...')
#8 {main}
CRITICAL - 2022-01-19 00:35:47 --> Undefined index: lh
#0 C:\xampp\htdocs\acflr_ta\app\Models\FTS.php(73): CodeIgniter\Debug\Exceptions->errorHandler(8, 'Undefined index...', 'C:\\xampp\\htdocs...', 73, Array)
#1 C:\xampp\htdocs\acflr_ta\app\Models\NR_Model.php(40): App\Models\FTS->flrg(Array, Array)
#2 C:\xampp\htdocs\acflr_ta\app\Controllers\NRController.php(32): App\Models\NR_Model->fts_forecasting()
#3 C:\xampp\htdocs\acflr_ta\vendor\codeigniter4\framework\system\CodeIgniter.php(825): App\Controllers\NRController->forecast()
#4 C:\xampp\htdocs\acflr_ta\vendor\codeigniter4\framework\system\CodeIgniter.php(412): CodeIgniter\CodeIgniter->runController(Object(App\Controllers\NRController))
#5 C:\xampp\htdocs\acflr_ta\vendor\codeigniter4\framework\system\CodeIgniter.php(320): CodeIgniter\CodeIgniter->handleRequest(NULL, Object(Config\Cache), false)
#6 C:\xampp\htdocs\acflr_ta\public\index.php(37): CodeIgniter\CodeIgniter->run()
#7 C:\xampp\htdocs\acflr_ta\vendor\codeigniter4\framework\system\Commands\Server\rewrite.php(43): require_once('C:\\xampp\\htdocs...')
#8 {main}
CRITICAL - 2022-01-19 00:36:01 --> Array to string conversion
#0 [internal function]: CodeIgniter\Debug\Exceptions->errorHandler(8, 'Array to string...', 'C:\\xampp\\htdocs...', 73, Array)
#1 C:\xampp\htdocs\acflr_ta\app\Models\FTS.php(73): array_unique(Array)
#2 C:\xampp\htdocs\acflr_ta\app\Models\NR_Model.php(40): App\Models\FTS->flrg(Array, Array)
#3 C:\xampp\htdocs\acflr_ta\app\Controllers\NRController.php(32): App\Models\NR_Model->fts_forecasting()
#4 C:\xampp\htdocs\acflr_ta\vendor\codeigniter4\framework\system\CodeIgniter.php(825): App\Controllers\NRController->forecast()
#5 C:\xampp\htdocs\acflr_ta\vendor\codeigniter4\framework\system\CodeIgniter.php(412): CodeIgniter\CodeIgniter->runController(Object(App\Controllers\NRController))
#6 C:\xampp\htdocs\acflr_ta\vendor\codeigniter4\framework\system\CodeIgniter.php(320): CodeIgniter\CodeIgniter->handleRequest(NULL, Object(Config\Cache), false)
#7 C:\xampp\htdocs\acflr_ta\public\index.php(37): CodeIgniter\CodeIgniter->run()
#8 C:\xampp\htdocs\acflr_ta\vendor\codeigniter4\framework\system\Commands\Server\rewrite.php(43): require_once('C:\\xampp\\htdocs...')
#9 {main}
CRITICAL - 2022-01-19 00:37:31 --> Array to string conversion
#0 [internal function]: CodeIgniter\Debug\Exceptions->errorHandler(8, 'Array to string...', 'C:\\xampp\\htdocs...', 73, Array)
#1 C:\xampp\htdocs\acflr_ta\app\Models\FTS.php(73): array_unique(Array)
#2 C:\xampp\htdocs\acflr_ta\app\Models\NR_Model.php(40): App\Models\FTS->flrg(Array, Array)
#3 C:\xampp\htdocs\acflr_ta\app\Controllers\NRController.php(32): App\Models\NR_Model->fts_forecasting()
#4 C:\xampp\htdocs\acflr_ta\vendor\codeigniter4\framework\system\CodeIgniter.php(825): App\Controllers\NRController->forecast()
#5 C:\xampp\htdocs\acflr_ta\vendor\codeigniter4\framework\system\CodeIgniter.php(412): CodeIgniter\CodeIgniter->runController(Object(App\Controllers\NRController))
#6 C:\xampp\htdocs\acflr_ta\vendor\codeigniter4\framework\system\CodeIgniter.php(320): CodeIgniter\CodeIgniter->handleRequest(NULL, Object(Config\Cache), false)
#7 C:\xampp\htdocs\acflr_ta\public\index.php(37): CodeIgniter\CodeIgniter->run()
#8 C:\xampp\htdocs\acflr_ta\vendor\codeigniter4\framework\system\Commands\Server\rewrite.php(43): require_once('C:\\xampp\\htdocs...')
#9 {main}
CRITICAL - 2022-01-19 00:54:09 --> Undefined variable: iter
#0 C:\xampp\htdocs\acflr_ta\app\Models\FTS.php(79): CodeIgniter\Debug\Exceptions->errorHandler(8, 'Undefined varia...', 'C:\\xampp\\htdocs...', 79, Array)
#1 C:\xampp\htdocs\acflr_ta\app\Models\NR_Model.php(40): App\Models\FTS->flrg(Array, Array)
#2 C:\xampp\htdocs\acflr_ta\app\Controllers\NRController.php(32): App\Models\NR_Model->fts_forecasting()
#3 C:\xampp\htdocs\acflr_ta\vendor\codeigniter4\framework\system\CodeIgniter.php(825): App\Controllers\NRController->forecast()
#4 C:\xampp\htdocs\acflr_ta\vendor\codeigniter4\framework\system\CodeIgniter.php(412): CodeIgniter\CodeIgniter->runController(Object(App\Controllers\NRController))
#5 C:\xampp\htdocs\acflr_ta\vendor\codeigniter4\framework\system\CodeIgniter.php(320): CodeIgniter\CodeIgniter->handleRequest(NULL, Object(Config\Cache), false)
#6 C:\xampp\htdocs\acflr_ta\public\index.php(37): CodeIgniter\CodeIgniter->run()
#7 C:\xampp\htdocs\acflr_ta\vendor\codeigniter4\framework\system\Commands\Server\rewrite.php(43): require_once('C:\\xampp\\htdocs...')
#8 {main}
CRITICAL - 2022-01-19 01:35:53 --> Undefined variable: flrg
#0 C:\xampp\htdocs\acflr_ta\app\Models\FTS.php(86): CodeIgniter\Debug\Exceptions->errorHandler(8, 'Undefined varia...', 'C:\\xampp\\htdocs...', 86, Array)
#1 C:\xampp\htdocs\acflr_ta\app\Models\NR_Model.php(40): App\Models\FTS->flrg(Array, Array)
#2 C:\xampp\htdocs\acflr_ta\app\Controllers\NRController.php(32): App\Models\NR_Model->fts_forecasting()
#3 C:\xampp\htdocs\acflr_ta\vendor\codeigniter4\framework\system\CodeIgniter.php(825): App\Controllers\NRController->forecast()
#4 C:\xampp\htdocs\acflr_ta\vendor\codeigniter4\framework\system\CodeIgniter.php(412): CodeIgniter\CodeIgniter->runController(Object(App\Controllers\NRController))
#5 C:\xampp\htdocs\acflr_ta\vendor\codeigniter4\framework\system\CodeIgniter.php(320): CodeIgniter\CodeIgniter->handleRequest(NULL, Object(Config\Cache), false)
#6 C:\xampp\htdocs\acflr_ta\public\index.php(37): CodeIgniter\CodeIgniter->run()
#7 C:\xampp\htdocs\acflr_ta\vendor\codeigniter4\framework\system\Commands\Server\rewrite.php(43): require_once('C:\\xampp\\htdocs...')
#8 {main}
CRITICAL - 2022-01-19 02:08:10 --> syntax error, unexpected '}'
#0 C:\xampp\htdocs\acflr_ta\vendor\codeigniter4\framework\system\Autoloader\Autoloader.php(264): include_once()
#1 C:\xampp\htdocs\acflr_ta\vendor\codeigniter4\framework\system\Autoloader\Autoloader.php(241): CodeIgniter\Autoloader\Autoloader->includeFile('C:\\xampp\\htdocs...')
#2 C:\xampp\htdocs\acflr_ta\vendor\codeigniter4\framework\system\Autoloader\Autoloader.php(219): CodeIgniter\Autoloader\Autoloader->loadInNamespace('App\\Models\\NR_M...')
#3 [internal function]: CodeIgniter\Autoloader\Autoloader->loadClass('App\\Models\\NR_M...')
#4 [internal function]: spl_autoload_call('App\\Models\\NR_M...')
#5 C:\xampp\htdocs\acflr_ta\vendor\codeigniter4\framework\system\Config\Factories.php(136): class_exists('App\\Models\\NR_M...')
#6 C:\xampp\htdocs\acflr_ta\vendor\codeigniter4\framework\system\Config\Factories.php(106): CodeIgniter\Config\Factories::locateClass(Array, 'App\\Controllers...')
#7 C:\xampp\htdocs\acflr_ta\vendor\codeigniter4\framework\system\Common.php(780): CodeIgniter\Config\Factories::__callStatic('models', Array)
#8 C:\xampp\htdocs\acflr_ta\app\Controllers\NRController.php(8): model('App\\Controllers...')
#9 C:\xampp\htdocs\acflr_ta\vendor\codeigniter4\framework\system\CodeIgniter.php(802): App\Controllers\NRController->__construct()
#10 C:\xampp\htdocs\acflr_ta\vendor\codeigniter4\framework\system\CodeIgniter.php(403): CodeIgniter\CodeIgniter->createController()
#11 C:\xampp\htdocs\acflr_ta\vendor\codeigniter4\framework\system\CodeIgniter.php(320): CodeIgniter\CodeIgniter->handleRequest(NULL, Object(Config\Cache), false)
#12 C:\xampp\htdocs\acflr_ta\public\index.php(37): CodeIgniter\CodeIgniter->run()
#13 C:\xampp\htdocs\acflr_ta\vendor\codeigniter4\framework\system\Commands\Server\rewrite.php(43): require_once('C:\\xampp\\htdocs...')
#14 {main}
CRITICAL - 2022-01-19 02:20:06 --> Undefined index: midpoint
#0 C:\xampp\htdocs\acflr_ta\app\Models\FTS.php(97): CodeIgniter\Debug\Exceptions->errorHandler(8, 'Undefined index...', 'C:\\xampp\\htdocs...', 97, Array)
#1 C:\xampp\htdocs\acflr_ta\app\Models\NR_Model.php(42): App\Models\FTS->defuzzification(Array, Array, Array)
#2 C:\xampp\htdocs\acflr_ta\app\Controllers\NRController.php(32): App\Models\NR_Model->fts_forecasting()
#3 C:\xampp\htdocs\acflr_ta\vendor\codeigniter4\framework\system\CodeIgniter.php(825): App\Controllers\NRController->forecast()
#4 C:\xampp\htdocs\acflr_ta\vendor\codeigniter4\framework\system\CodeIgniter.php(412): CodeIgniter\CodeIgniter->runController(Object(App\Controllers\NRController))
#5 C:\xampp\htdocs\acflr_ta\vendor\codeigniter4\framework\system\CodeIgniter.php(320): CodeIgniter\CodeIgniter->handleRequest(NULL, Object(Config\Cache), false)
#6 C:\xampp\htdocs\acflr_ta\public\index.php(37): CodeIgniter\CodeIgniter->run()
#7 C:\xampp\htdocs\acflr_ta\vendor\codeigniter4\framework\system\Commands\Server\rewrite.php(43): require_once('C:\\xampp\\htdocs...')
#8 {main}
CRITICAL - 2022-01-19 06:14:50 --> Undefined index: lh
#0 C:\xampp\htdocs\acflr_ta\app\Models\FTS.php(95): CodeIgniter\Debug\Exceptions->errorHandler(8, 'Undefined index...', 'C:\\xampp\\htdocs...', 95, Array)
#1 C:\xampp\htdocs\acflr_ta\app\Models\NR_Model.php(42): App\Models\FTS->defuzzification(Array, Array, Array)
#2 C:\xampp\htdocs\acflr_ta\app\Controllers\NRController.php(32): App\Models\NR_Model->fts_forecasting()
#3 C:\xampp\htdocs\acflr_ta\vendor\codeigniter4\framework\system\CodeIgniter.php(825): App\Controllers\NRController->forecast()
#4 C:\xampp\htdocs\acflr_ta\vendor\codeigniter4\framework\system\CodeIgniter.php(412): CodeIgniter\CodeIgniter->runController(Object(App\Controllers\NRController))
#5 C:\xampp\htdocs\acflr_ta\vendor\codeigniter4\framework\system\CodeIgniter.php(320): CodeIgniter\CodeIgniter->handleRequest(NULL, Object(Config\Cache), false)
#6 C:\xampp\htdocs\acflr_ta\public\index.php(37): CodeIgniter\CodeIgniter->run()
#7 C:\xampp\htdocs\acflr_ta\vendor\codeigniter4\framework\system\Commands\Server\rewrite.php(43): require_once('C:\\xampp\\htdocs...')
#8 {main}
CRITICAL - 2022-01-19 06:15:37 --> array_push() expects parameter 1 to be array, int given
#0 [internal function]: CodeIgniter\Debug\Exceptions->errorHandler(2, 'array_push() ex...', 'C:\\xampp\\htdocs...', 95, Array)
#1 C:\xampp\htdocs\acflr_ta\app\Models\FTS.php(95): array_push(0)
#2 C:\xampp\htdocs\acflr_ta\app\Models\NR_Model.php(42): App\Models\FTS->defuzzification(Array, Array, Array)
#3 C:\xampp\htdocs\acflr_ta\app\Controllers\NRController.php(32): App\Models\NR_Model->fts_forecasting()
#4 C:\xampp\htdocs\acflr_ta\vendor\codeigniter4\framework\system\CodeIgniter.php(825): App\Controllers\NRController->forecast()
#5 C:\xampp\htdocs\acflr_ta\vendor\codeigniter4\framework\system\CodeIgniter.php(412): CodeIgniter\CodeIgniter->runController(Object(App\Controllers\NRController))
#6 C:\xampp\htdocs\acflr_ta\vendor\codeigniter4\framework\system\CodeIgniter.php(320): CodeIgniter\CodeIgniter->handleRequest(NULL, Object(Config\Cache), false)
#7 C:\xampp\htdocs\acflr_ta\public\index.php(37): CodeIgniter\CodeIgniter->run()
#8 C:\xampp\htdocs\acflr_ta\vendor\codeigniter4\framework\system\Commands\Server\rewrite.php(43): require_once('C:\\xampp\\htdocs...')
#9 {main}
CRITICAL - 2022-01-19 06:26:35 --> Undefined offset: 14
#0 C:\xampp\htdocs\acflr_ta\app\Models\FTS.php(101): CodeIgniter\Debug\Exceptions->errorHandler(8, 'Undefined offse...', 'C:\\xampp\\htdocs...', 101, Array)
#1 C:\xampp\htdocs\acflr_ta\app\Models\NR_Model.php(42): App\Models\FTS->defuzzification(Array, Array, Array)
#2 C:\xampp\htdocs\acflr_ta\app\Controllers\NRController.php(32): App\Models\NR_Model->fts_forecasting()
#3 C:\xampp\htdocs\acflr_ta\vendor\codeigniter4\framework\system\CodeIgniter.php(825): App\Controllers\NRController->forecast()
#4 C:\xampp\htdocs\acflr_ta\vendor\codeigniter4\framework\system\CodeIgniter.php(412): CodeIgniter\CodeIgniter->runController(Object(App\Controllers\NRController))
#5 C:\xampp\htdocs\acflr_ta\vendor\codeigniter4\framework\system\CodeIgniter.php(320): CodeIgniter\CodeIgniter->handleRequest(NULL, Object(Config\Cache), false)
#6 C:\xampp\htdocs\acflr_ta\public\index.php(37): CodeIgniter\CodeIgniter->run()
#7 C:\xampp\htdocs\acflr_ta\vendor\codeigniter4\framework\system\Commands\Server\rewrite.php(43): require_once('C:\\xampp\\htdocs...')
#8 {main}
CRITICAL - 2022-01-19 06:27:08 --> Undefined offset: 14
#0 C:\xampp\htdocs\acflr_ta\app\Models\FTS.php(101): CodeIgniter\Debug\Exceptions->errorHandler(8, 'Undefined offse...', 'C:\\xampp\\htdocs...', 101, Array)
#1 C:\xampp\htdocs\acflr_ta\app\Models\NR_Model.php(42): App\Models\FTS->defuzzification(Array, Array, Array)
#2 C:\xampp\htdocs\acflr_ta\app\Controllers\NRController.php(32): App\Models\NR_Model->fts_forecasting()
#3 C:\xampp\htdocs\acflr_ta\vendor\codeigniter4\framework\system\CodeIgniter.php(825): App\Controllers\NRController->forecast()
#4 C:\xampp\htdocs\acflr_ta\vendor\codeigniter4\framework\system\CodeIgniter.php(412): CodeIgniter\CodeIgniter->runController(Object(App\Controllers\NRController))
#5 C:\xampp\htdocs\acflr_ta\vendor\codeigniter4\framework\system\CodeIgniter.php(320): CodeIgniter\CodeIgniter->handleRequest(NULL, Object(Config\Cache), false)
#6 C:\xampp\htdocs\acflr_ta\public\index.php(37): CodeIgniter\CodeIgniter->run()
#7 C:\xampp\htdocs\acflr_ta\vendor\codeigniter4\framework\system\Commands\Server\rewrite.php(43): require_once('C:\\xampp\\htdocs...')
#8 {main}
CRITICAL - 2022-01-19 06:27:16 --> Undefined offset: 14
#0 C:\xampp\htdocs\acflr_ta\app\Models\FTS.php(101): CodeIgniter\Debug\Exceptions->errorHandler(8, 'Undefined offse...', 'C:\\xampp\\htdocs...', 101, Array)
#1 C:\xampp\htdocs\acflr_ta\app\Models\NR_Model.php(42): App\Models\FTS->defuzzification(Array, Array, Array)
#2 C:\xampp\htdocs\acflr_ta\app\Controllers\NRController.php(32): App\Models\NR_Model->fts_forecasting()
#3 C:\xampp\htdocs\acflr_ta\vendor\codeigniter4\framework\system\CodeIgniter.php(825): App\Controllers\NRController->forecast()
#4 C:\xampp\htdocs\acflr_ta\vendor\codeigniter4\framework\system\CodeIgniter.php(412): CodeIgniter\CodeIgniter->runController(Object(App\Controllers\NRController))
#5 C:\xampp\htdocs\acflr_ta\vendor\codeigniter4\framework\system\CodeIgniter.php(320): CodeIgniter\CodeIgniter->handleRequest(NULL, Object(Config\Cache), false)
#6 C:\xampp\htdocs\acflr_ta\public\index.php(37): CodeIgniter\CodeIgniter->run()
#7 C:\xampp\htdocs\acflr_ta\vendor\codeigniter4\framework\system\Commands\Server\rewrite.php(43): require_once('C:\\xampp\\htdocs...')
#8 {main}
CRITICAL - 2022-01-19 06:27:17 --> Undefined offset: 14
#0 C:\xampp\htdocs\acflr_ta\app\Models\FTS.php(101): CodeIgniter\Debug\Exceptions->errorHandler(8, 'Undefined offse...', 'C:\\xampp\\htdocs...', 101, Array)
#1 C:\xampp\htdocs\acflr_ta\app\Models\NR_Model.php(42): App\Models\FTS->defuzzification(Array, Array, Array)
#2 C:\xampp\htdocs\acflr_ta\app\Controllers\NRController.php(32): App\Models\NR_Model->fts_forecasting()
#3 C:\xampp\htdocs\acflr_ta\vendor\codeigniter4\framework\system\CodeIgniter.php(825): App\Controllers\NRController->forecast()
#4 C:\xampp\htdocs\acflr_ta\vendor\codeigniter4\framework\system\CodeIgniter.php(412): CodeIgniter\CodeIgniter->runController(Object(App\Controllers\NRController))
#5 C:\xampp\htdocs\acflr_ta\vendor\codeigniter4\framework\system\CodeIgniter.php(320): CodeIgniter\CodeIgniter->handleRequest(NULL, Object(Config\Cache), false)
#6 C:\xampp\htdocs\acflr_ta\public\index.php(37): CodeIgniter\CodeIgniter->run()
#7 C:\xampp\htdocs\acflr_ta\vendor\codeigniter4\framework\system\Commands\Server\rewrite.php(43): require_once('C:\\xampp\\htdocs...')
#8 {main}
CRITICAL - 2022-01-19 06:27:30 --> Undefined offset: 14
#0 C:\xampp\htdocs\acflr_ta\app\Models\FTS.php(101): CodeIgniter\Debug\Exceptions->errorHandler(8, 'Undefined offse...', 'C:\\xampp\\htdocs...', 101, Array)
#1 C:\xampp\htdocs\acflr_ta\app\Models\NR_Model.php(42): App\Models\FTS->defuzzification(Array, Array, Array)
#2 C:\xampp\htdocs\acflr_ta\app\Controllers\NRController.php(32): App\Models\NR_Model->fts_forecasting()
#3 C:\xampp\htdocs\acflr_ta\vendor\codeigniter4\framework\system\CodeIgniter.php(825): App\Controllers\NRController->forecast()
#4 C:\xampp\htdocs\acflr_ta\vendor\codeigniter4\framework\system\CodeIgniter.php(412): CodeIgniter\CodeIgniter->runController(Object(App\Controllers\NRController))
#5 C:\xampp\htdocs\acflr_ta\vendor\codeigniter4\framework\system\CodeIgniter.php(320): CodeIgniter\CodeIgniter->handleRequest(NULL, Object(Config\Cache), false)
#6 C:\xampp\htdocs\acflr_ta\public\index.php(37): CodeIgniter\CodeIgniter->run()
#7 C:\xampp\htdocs\acflr_ta\vendor\codeigniter4\framework\system\Commands\Server\rewrite.php(43): require_once('C:\\xampp\\htdocs...')
#8 {main}
CRITICAL - 2022-01-19 06:29:22 --> Undefined offset: 14
#0 C:\xampp\htdocs\acflr_ta\app\Models\FTS.php(102): CodeIgniter\Debug\Exceptions->errorHandler(8, 'Undefined offse...', 'C:\\xampp\\htdocs...', 102, Array)
#1 C:\xampp\htdocs\acflr_ta\app\Models\NR_Model.php(42): App\Models\FTS->defuzzification(Array, Array, Array)
#2 C:\xampp\htdocs\acflr_ta\app\Controllers\NRController.php(32): App\Models\NR_Model->fts_forecasting()
#3 C:\xampp\htdocs\acflr_ta\vendor\codeigniter4\framework\system\CodeIgniter.php(825): App\Controllers\NRController->forecast()
#4 C:\xampp\htdocs\acflr_ta\vendor\codeigniter4\framework\system\CodeIgniter.php(412): CodeIgniter\CodeIgniter->runController(Object(App\Controllers\NRController))
#5 C:\xampp\htdocs\acflr_ta\vendor\codeigniter4\framework\system\CodeIgniter.php(320): CodeIgniter\CodeIgniter->handleRequest(NULL, Object(Config\Cache), false)
#6 C:\xampp\htdocs\acflr_ta\public\index.php(37): CodeIgniter\CodeIgniter->run()
#7 C:\xampp\htdocs\acflr_ta\vendor\codeigniter4\framework\system\Commands\Server\rewrite.php(43): require_once('C:\\xampp\\htdocs...')
#8 {main}
CRITICAL - 2022-01-19 06:32:31 --> Undefined offset: 14
#0 C:\xampp\htdocs\acflr_ta\app\Models\FTS.php(101): CodeIgniter\Debug\Exceptions->errorHandler(8, 'Undefined offse...', 'C:\\xampp\\htdocs...', 101, Array)
#1 C:\xampp\htdocs\acflr_ta\app\Models\NR_Model.php(42): App\Models\FTS->defuzzification(Array, Array, Array)
#2 C:\xampp\htdocs\acflr_ta\app\Controllers\NRController.php(32): App\Models\NR_Model->fts_forecasting()
#3 C:\xampp\htdocs\acflr_ta\vendor\codeigniter4\framework\system\CodeIgniter.php(825): App\Controllers\NRController->forecast()
#4 C:\xampp\htdocs\acflr_ta\vendor\codeigniter4\framework\system\CodeIgniter.php(412): CodeIgniter\CodeIgniter->runController(Object(App\Controllers\NRController))
#5 C:\xampp\htdocs\acflr_ta\vendor\codeigniter4\framework\system\CodeIgniter.php(320): CodeIgniter\CodeIgniter->handleRequest(NULL, Object(Config\Cache), false)
#6 C:\xampp\htdocs\acflr_ta\public\index.php(37): CodeIgniter\CodeIgniter->run()
#7 C:\xampp\htdocs\acflr_ta\vendor\codeigniter4\framework\system\Commands\Server\rewrite.php(43): require_once('C:\\xampp\\htdocs...')
#8 {main}
CRITICAL - 2022-01-19 06:32:46 --> Undefined offset: 14
#0 C:\xampp\htdocs\acflr_ta\app\Models\FTS.php(101): CodeIgniter\Debug\Exceptions->errorHandler(8, 'Undefined offse...', 'C:\\xampp\\htdocs...', 101, Array)
#1 C:\xampp\htdocs\acflr_ta\app\Models\NR_Model.php(42): App\Models\FTS->defuzzification(Array, Array, Array)
#2 C:\xampp\htdocs\acflr_ta\app\Controllers\NRController.php(32): App\Models\NR_Model->fts_forecasting()
#3 C:\xampp\htdocs\acflr_ta\vendor\codeigniter4\framework\system\CodeIgniter.php(825): App\Controllers\NRController->forecast()
#4 C:\xampp\htdocs\acflr_ta\vendor\codeigniter4\framework\system\CodeIgniter.php(412): CodeIgniter\CodeIgniter->runController(Object(App\Controllers\NRController))
#5 C:\xampp\htdocs\acflr_ta\vendor\codeigniter4\framework\system\CodeIgniter.php(320): CodeIgniter\CodeIgniter->handleRequest(NULL, Object(Config\Cache), false)
#6 C:\xampp\htdocs\acflr_ta\public\index.php(37): CodeIgniter\CodeIgniter->run()
#7 C:\xampp\htdocs\acflr_ta\vendor\codeigniter4\framework\system\Commands\Server\rewrite.php(43): require_once('C:\\xampp\\htdocs...')
#8 {main}
CRITICAL - 2022-01-19 06:32:47 --> Undefined offset: 14
#0 C:\xampp\htdocs\acflr_ta\app\Models\FTS.php(101): CodeIgniter\Debug\Exceptions->errorHandler(8, 'Undefined offse...', 'C:\\xampp\\htdocs...', 101, Array)
#1 C:\xampp\htdocs\acflr_ta\app\Models\NR_Model.php(42): App\Models\FTS->defuzzification(Array, Array, Array)
#2 C:\xampp\htdocs\acflr_ta\app\Controllers\NRController.php(32): App\Models\NR_Model->fts_forecasting()
#3 C:\xampp\htdocs\acflr_ta\vendor\codeigniter4\framework\system\CodeIgniter.php(825): App\Controllers\NRController->forecast()
#4 C:\xampp\htdocs\acflr_ta\vendor\codeigniter4\framework\system\CodeIgniter.php(412): CodeIgniter\CodeIgniter->runController(Object(App\Controllers\NRController))
#5 C:\xampp\htdocs\acflr_ta\vendor\codeigniter4\framework\system\CodeIgniter.php(320): CodeIgniter\CodeIgniter->handleRequest(NULL, Object(Config\Cache), false)
#6 C:\xampp\htdocs\acflr_ta\public\index.php(37): CodeIgniter\CodeIgniter->run()
#7 C:\xampp\htdocs\acflr_ta\vendor\codeigniter4\framework\system\Commands\Server\rewrite.php(43): require_once('C:\\xampp\\htdocs...')
#8 {main}
CRITICAL - 2022-01-19 06:32:48 --> Undefined offset: 14
#0 C:\xampp\htdocs\acflr_ta\app\Models\FTS.php(101): CodeIgniter\Debug\Exceptions->errorHandler(8, 'Undefined offse...', 'C:\\xampp\\htdocs...', 101, Array)
#1 C:\xampp\htdocs\acflr_ta\app\Models\NR_Model.php(42): App\Models\FTS->defuzzification(Array, Array, Array)
#2 C:\xampp\htdocs\acflr_ta\app\Controllers\NRController.php(32): App\Models\NR_Model->fts_forecasting()
#3 C:\xampp\htdocs\acflr_ta\vendor\codeigniter4\framework\system\CodeIgniter.php(825): App\Controllers\NRController->forecast()
#4 C:\xampp\htdocs\acflr_ta\vendor\codeigniter4\framework\system\CodeIgniter.php(412): CodeIgniter\CodeIgniter->runController(Object(App\Controllers\NRController))
#5 C:\xampp\htdocs\acflr_ta\vendor\codeigniter4\framework\system\CodeIgniter.php(320): CodeIgniter\CodeIgniter->handleRequest(NULL, Object(Config\Cache), false)
#6 C:\xampp\htdocs\acflr_ta\public\index.php(37): CodeIgniter\CodeIgniter->run()
#7 C:\xampp\htdocs\acflr_ta\vendor\codeigniter4\framework\system\Commands\Server\rewrite.php(43): require_once('C:\\xampp\\htdocs...')
#8 {main}
CRITICAL - 2022-01-19 06:38:37 --> Undefined offset: 0
#0 C:\xampp\htdocs\acflr_ta\app\Models\FTS.php(96): CodeIgniter\Debug\Exceptions->errorHandler(8, 'Undefined offse...', 'C:\\xampp\\htdocs...', 96, Array)
#1 C:\xampp\htdocs\acflr_ta\app\Models\NR_Model.php(42): App\Models\FTS->defuzzification(Array, Array, Array)
#2 C:\xampp\htdocs\acflr_ta\app\Controllers\NRController.php(32): App\Models\NR_Model->fts_forecasting()
#3 C:\xampp\htdocs\acflr_ta\vendor\codeigniter4\framework\system\CodeIgniter.php(825): App\Controllers\NRController->forecast()
#4 C:\xampp\htdocs\acflr_ta\vendor\codeigniter4\framework\system\CodeIgniter.php(412): CodeIgniter\CodeIgniter->runController(Object(App\Controllers\NRController))
#5 C:\xampp\htdocs\acflr_ta\vendor\codeigniter4\framework\system\CodeIgniter.php(320): CodeIgniter\CodeIgniter->handleRequest(NULL, Object(Config\Cache), false)
#6 C:\xampp\htdocs\acflr_ta\public\index.php(37): CodeIgniter\CodeIgniter->run()
#7 C:\xampp\htdocs\acflr_ta\vendor\codeigniter4\framework\system\Commands\Server\rewrite.php(43): require_once('C:\\xampp\\htdocs...')
#8 {main}
CRITICAL - 2022-01-19 06:38:47 --> Undefined offset: 0
#0 C:\xampp\htdocs\acflr_ta\app\Models\FTS.php(103): CodeIgniter\Debug\Exceptions->errorHandler(8, 'Undefined offse...', 'C:\\xampp\\htdocs...', 103, Array)
#1 C:\xampp\htdocs\acflr_ta\app\Models\NR_Model.php(42): App\Models\FTS->defuzzification(Array, Array, Array)
#2 C:\xampp\htdocs\acflr_ta\app\Controllers\NRController.php(32): App\Models\NR_Model->fts_forecasting()
#3 C:\xampp\htdocs\acflr_ta\vendor\codeigniter4\framework\system\CodeIgniter.php(825): App\Controllers\NRController->forecast()
#4 C:\xampp\htdocs\acflr_ta\vendor\codeigniter4\framework\system\CodeIgniter.php(412): CodeIgniter\CodeIgniter->runController(Object(App\Controllers\NRController))
#5 C:\xampp\htdocs\acflr_ta\vendor\codeigniter4\framework\system\CodeIgniter.php(320): CodeIgniter\CodeIgniter->handleRequest(NULL, Object(Config\Cache), false)
#6 C:\xampp\htdocs\acflr_ta\public\index.php(37): CodeIgniter\CodeIgniter->run()
#7 C:\xampp\htdocs\acflr_ta\vendor\codeigniter4\framework\system\Commands\Server\rewrite.php(43): require_once('C:\\xampp\\htdocs...')
#8 {main}
CRITICAL - 2022-01-19 06:40:48 --> Undefined offset: 14
#0 C:\xampp\htdocs\acflr_ta\app\Models\FTS.php(101): CodeIgniter\Debug\Exceptions->errorHandler(8, 'Undefined offse...', 'C:\\xampp\\htdocs...', 101, Array)
#1 C:\xampp\htdocs\acflr_ta\app\Models\NR_Model.php(42): App\Models\FTS->defuzzification(Array, Array, Array)
#2 C:\xampp\htdocs\acflr_ta\app\Controllers\NRController.php(32): App\Models\NR_Model->fts_forecasting()
#3 C:\xampp\htdocs\acflr_ta\vendor\codeigniter4\framework\system\CodeIgniter.php(825): App\Controllers\NRController->forecast()
#4 C:\xampp\htdocs\acflr_ta\vendor\codeigniter4\framework\system\CodeIgniter.php(412): CodeIgniter\CodeIgniter->runController(Object(App\Controllers\NRController))
#5 C:\xampp\htdocs\acflr_ta\vendor\codeigniter4\framework\system\CodeIgniter.php(320): CodeIgniter\CodeIgniter->handleRequest(NULL, Object(Config\Cache), false)
#6 C:\xampp\htdocs\acflr_ta\public\index.php(37): CodeIgniter\CodeIgniter->run()
#7 C:\xampp\htdocs\acflr_ta\vendor\codeigniter4\framework\system\Commands\Server\rewrite.php(43): require_once('C:\\xampp\\htdocs...')
#8 {main}
CRITICAL - 2022-01-19 06:45:54 --> Undefined offset: 14
#0 C:\xampp\htdocs\acflr_ta\app\Models\FTS.php(102): CodeIgniter\Debug\Exceptions->errorHandler(8, 'Undefined offse...', 'C:\\xampp\\htdocs...', 102, Array)
#1 C:\xampp\htdocs\acflr_ta\app\Models\NR_Model.php(42): App\Models\FTS->defuzzification(Array, Array, Array)
#2 C:\xampp\htdocs\acflr_ta\app\Controllers\NRController.php(32): App\Models\NR_Model->fts_forecasting()
#3 C:\xampp\htdocs\acflr_ta\vendor\codeigniter4\framework\system\CodeIgniter.php(825): App\Controllers\NRController->forecast()
#4 C:\xampp\htdocs\acflr_ta\vendor\codeigniter4\framework\system\CodeIgniter.php(412): CodeIgniter\CodeIgniter->runController(Object(App\Controllers\NRController))
#5 C:\xampp\htdocs\acflr_ta\vendor\codeigniter4\framework\system\CodeIgniter.php(320): CodeIgniter\CodeIgniter->handleRequest(NULL, Object(Config\Cache), false)
#6 C:\xampp\htdocs\acflr_ta\public\index.php(37): CodeIgniter\CodeIgniter->run()
#7 C:\xampp\htdocs\acflr_ta\vendor\codeigniter4\framework\system\Commands\Server\rewrite.php(43): require_once('C:\\xampp\\htdocs...')
#8 {main}
CRITICAL - 2022-01-19 06:46:32 --> Undefined offset: 14
#0 C:\xampp\htdocs\acflr_ta\app\Models\FTS.php(102): CodeIgniter\Debug\Exceptions->errorHandler(8, 'Undefined offse...', 'C:\\xampp\\htdocs...', 102, Array)
#1 C:\xampp\htdocs\acflr_ta\app\Models\NR_Model.php(42): App\Models\FTS->defuzzification(Array, Array, Array)
#2 C:\xampp\htdocs\acflr_ta\app\Controllers\NRController.php(32): App\Models\NR_Model->fts_forecasting()
#3 C:\xampp\htdocs\acflr_ta\vendor\codeigniter4\framework\system\CodeIgniter.php(825): App\Controllers\NRController->forecast()
#4 C:\xampp\htdocs\acflr_ta\vendor\codeigniter4\framework\system\CodeIgniter.php(412): CodeIgniter\CodeIgniter->runController(Object(App\Controllers\NRController))
#5 C:\xampp\htdocs\acflr_ta\vendor\codeigniter4\framework\system\CodeIgniter.php(320): CodeIgniter\CodeIgniter->handleRequest(NULL, Object(Config\Cache), false)
#6 C:\xampp\htdocs\acflr_ta\public\index.php(37): CodeIgniter\CodeIgniter->run()
#7 C:\xampp\htdocs\acflr_ta\vendor\codeigniter4\framework\system\Commands\Server\rewrite.php(43): require_once('C:\\xampp\\htdocs...')
#8 {main}
CRITICAL - 2022-01-19 06:50:38 --> Undefined offset: 14
#0 C:\xampp\htdocs\acflr_ta\app\Models\FTS.php(102): CodeIgniter\Debug\Exceptions->errorHandler(8, 'Undefined offse...', 'C:\\xampp\\htdocs...', 102, Array)
#1 C:\xampp\htdocs\acflr_ta\app\Models\NR_Model.php(42): App\Models\FTS->defuzzification(Array, Array, Array)
#2 C:\xampp\htdocs\acflr_ta\app\Controllers\NRController.php(32): App\Models\NR_Model->fts_forecasting()
#3 C:\xampp\htdocs\acflr_ta\vendor\codeigniter4\framework\system\CodeIgniter.php(825): App\Controllers\NRController->forecast()
#4 C:\xampp\htdocs\acflr_ta\vendor\codeigniter4\framework\system\CodeIgniter.php(412): CodeIgniter\CodeIgniter->runController(Object(App\Controllers\NRController))
#5 C:\xampp\htdocs\acflr_ta\vendor\codeigniter4\framework\system\CodeIgniter.php(320): CodeIgniter\CodeIgniter->handleRequest(NULL, Object(Config\Cache), false)
#6 C:\xampp\htdocs\acflr_ta\public\index.php(37): CodeIgniter\CodeIgniter->run()
#7 C:\xampp\htdocs\acflr_ta\vendor\codeigniter4\framework\system\Commands\Server\rewrite.php(43): require_once('C:\\xampp\\htdocs...')
#8 {main}
CRITICAL - 2022-01-19 06:50:39 --> Undefined offset: 14
#0 C:\xampp\htdocs\acflr_ta\app\Models\FTS.php(102): CodeIgniter\Debug\Exceptions->errorHandler(8, 'Undefined offse...', 'C:\\xampp\\htdocs...', 102, Array)
#1 C:\xampp\htdocs\acflr_ta\app\Models\NR_Model.php(42): App\Models\FTS->defuzzification(Array, Array, Array)
#2 C:\xampp\htdocs\acflr_ta\app\Controllers\NRController.php(32): App\Models\NR_Model->fts_forecasting()
#3 C:\xampp\htdocs\acflr_ta\vendor\codeigniter4\framework\system\CodeIgniter.php(825): App\Controllers\NRController->forecast()
#4 C:\xampp\htdocs\acflr_ta\vendor\codeigniter4\framework\system\CodeIgniter.php(412): CodeIgniter\CodeIgniter->runController(Object(App\Controllers\NRController))
#5 C:\xampp\htdocs\acflr_ta\vendor\codeigniter4\framework\system\CodeIgniter.php(320): CodeIgniter\CodeIgniter->handleRequest(NULL, Object(Config\Cache), false)
#6 C:\xampp\htdocs\acflr_ta\public\index.php(37): CodeIgniter\CodeIgniter->run()
#7 C:\xampp\htdocs\acflr_ta\vendor\codeigniter4\framework\system\Commands\Server\rewrite.php(43): require_once('C:\\xampp\\htdocs...')
#8 {main}
CRITICAL - 2022-01-19 06:51:02 --> Undefined offset: 14
#0 C:\xampp\htdocs\acflr_ta\app\Models\FTS.php(102): CodeIgniter\Debug\Exceptions->errorHandler(8, 'Undefined offse...', 'C:\\xampp\\htdocs...', 102, Array)
#1 C:\xampp\htdocs\acflr_ta\app\Models\NR_Model.php(42): App\Models\FTS->defuzzification(Array, Array, Array)
#2 C:\xampp\htdocs\acflr_ta\app\Controllers\NRController.php(32): App\Models\NR_Model->fts_forecasting()
#3 C:\xampp\htdocs\acflr_ta\vendor\codeigniter4\framework\system\CodeIgniter.php(825): App\Controllers\NRController->forecast()
#4 C:\xampp\htdocs\acflr_ta\vendor\codeigniter4\framework\system\CodeIgniter.php(412): CodeIgniter\CodeIgniter->runController(Object(App\Controllers\NRController))
#5 C:\xampp\htdocs\acflr_ta\vendor\codeigniter4\framework\system\CodeIgniter.php(320): CodeIgniter\CodeIgniter->handleRequest(NULL, Object(Config\Cache), false)
#6 C:\xampp\htdocs\acflr_ta\public\index.php(37): CodeIgniter\CodeIgniter->run()
#7 C:\xampp\htdocs\acflr_ta\vendor\codeigniter4\framework\system\Commands\Server\rewrite.php(43): require_once('C:\\xampp\\htdocs...')
#8 {main}
CRITICAL - 2022-01-19 06:51:16 --> Undefined offset: 14
#0 C:\xampp\htdocs\acflr_ta\app\Models\FTS.php(102): CodeIgniter\Debug\Exceptions->errorHandler(8, 'Undefined offse...', 'C:\\xampp\\htdocs...', 102, Array)
#1 C:\xampp\htdocs\acflr_ta\app\Models\NR_Model.php(42): App\Models\FTS->defuzzification(Array, Array, Array)
#2 C:\xampp\htdocs\acflr_ta\app\Controllers\NRController.php(32): App\Models\NR_Model->fts_forecasting()
#3 C:\xampp\htdocs\acflr_ta\vendor\codeigniter4\framework\system\CodeIgniter.php(825): App\Controllers\NRController->forecast()
#4 C:\xampp\htdocs\acflr_ta\vendor\codeigniter4\framework\system\CodeIgniter.php(412): CodeIgniter\CodeIgniter->runController(Object(App\Controllers\NRController))
#5 C:\xampp\htdocs\acflr_ta\vendor\codeigniter4\framework\system\CodeIgniter.php(320): CodeIgniter\CodeIgniter->handleRequest(NULL, Object(Config\Cache), false)
#6 C:\xampp\htdocs\acflr_ta\public\index.php(37): CodeIgniter\CodeIgniter->run()
#7 C:\xampp\htdocs\acflr_ta\vendor\codeigniter4\framework\system\Commands\Server\rewrite.php(43): require_once('C:\\xampp\\htdocs...')
#8 {main}
CRITICAL - 2022-01-19 07:37:21 --> array_keys() expects parameter 1 to be array, string given
#0 [internal function]: CodeIgniter\Debug\Exceptions->errorHandler(2, 'array_keys() ex...', 'C:\\xampp\\htdocs...', 97, Array)
#1 C:\xampp\htdocs\acflr_ta\app\Models\FTS.php(97): array_keys('o')
#2 C:\xampp\htdocs\acflr_ta\app\Models\NR_Model.php(42): App\Models\FTS->defuzzification('ok', Array, Array)
#3 C:\xampp\htdocs\acflr_ta\app\Controllers\NRController.php(32): App\Models\NR_Model->fts_forecasting()
#4 C:\xampp\htdocs\acflr_ta\vendor\codeigniter4\framework\system\CodeIgniter.php(825): App\Controllers\NRController->forecast()
#5 C:\xampp\htdocs\acflr_ta\vendor\codeigniter4\framework\system\CodeIgniter.php(412): CodeIgniter\CodeIgniter->runController(Object(App\Controllers\NRController))
#6 C:\xampp\htdocs\acflr_ta\vendor\codeigniter4\framework\system\CodeIgniter.php(320): CodeIgniter\CodeIgniter->handleRequest(NULL, Object(Config\Cache), false)
#7 C:\xampp\htdocs\acflr_ta\public\index.php(37): CodeIgniter\CodeIgniter->run()
#8 C:\xampp\htdocs\acflr_ta\vendor\codeigniter4\framework\system\Commands\Server\rewrite.php(43): require_once('C:\\xampp\\htdocs...')
#9 {main}
